C51 COMPILER V9.00   MAIN                                                                  03/12/2016 13:37:52 PAGE 1   


C51 COMPILER V9.00, COMPILATION OF MODULE MAIN
OBJECT MODULE PLACED IN main.obj
COMPILER INVOKED BY: C:\Keil\C51\BIN\C51.EXE Recoder\main.c LARGE BROWSE INCDIR(.\Recoder) DEBUG OBJECTEXTEND PRINT(.\ma
                    -in.lst) TABS(2) OBJECT(main.obj)

line level    source

   1          #include "STC12C5A60S2.H"
   2          #include "usart.h"
   3          #include "adc.h"
   4          #include "wch372.h"
   5          #include "pcm1801.h"
   6          #include "mt8870.h"
   7          
   8          void main(void)
   9          {
  10   1        unsigned char adc_value = 0;
  11   1      
  12   1        usart_init();
  13   1        InitADC();
  14   1        ch372_init();
  15   1        PCM1801_Init();
  16   1        mt8870_init();
  17   1        
  18   1        while (1)
  19   1        {
  20   2          tel_state_process();
  21   2          //adc_value = GetADCResult_av(0);
  22   2          //uart_printf("ADC value is %d!\r\n", (unsigned int)adc_value);
  23   2        }
  24   1      }


MODULE INFORMATION:   STATIC OVERLAYABLE
   CODE SIZE        =     25    ----
   CONSTANT SIZE    =   ----    ----
   XDATA SIZE       =   ----       1
   PDATA SIZE       =   ----    ----
   DATA SIZE        =   ----    ----
   IDATA SIZE       =   ----    ----
   BIT SIZE         =   ----    ----
END OF MODULE INFORMATION.


C51 COMPILATION COMPLETE.  0 WARNING(S),  0 ERROR(S)
