C51 COMPILER V9.00   MT8870                                                                03/12/2016 13:37:52 PAGE 1   


C51 COMPILER V9.00, COMPILATION OF MODULE MT8870
OBJECT MODULE PLACED IN mt8870.obj
COMPILER INVOKED BY: C:\Keil\C51\BIN\C51.EXE Recoder\mt8870.c LARGE BROWSE INCDIR(.\Recoder) DEBUG OBJECTEXTEND PRINT(.\
                    -mt8870.lst) TABS(2) OBJECT(mt8870.obj)

line level    source

   1          #include "mt8870.h"
   2          #include "wch372.h"
   3          #include "pcm1801.h"
   4          
   5          void mt8870_init(void)
   6          {
   7   1        IT1 = 1;  /* ??????????? */
   8   1        IE1 = 0;  /* ????? */
   9   1        EX1 = 1;  /* ??CH372?? 外部中断初始化*/
  10   1        P0M1 = 0X0F; //P0端口设置为输入
  11   1        P0M0 = 0X00;
  12   1      }
  13          
  14          void exint1() interrupt 2           //(location at 0013H)
  15          {
  16   1        unsigned int dtmf_table = 0;
  17   1        dtmf_table = P0;
  18   1        dtmf_table &= 0x0f; 
  19   1        pc_request_voice_data = 0;
  20   1        switch (dtmf_table)
  21   1        {
  22   2          case 1: wch372_send2byte(0xA2, 0x01, 0x31); break;
  23   2          case 2: wch372_send2byte(0xA2, 0x01, 0x32); break;
  24   2          case 3: wch372_send2byte(0xA2, 0x01, 0x33); break;
  25   2          case 4: wch372_send2byte(0xA2, 0x01, 0x34); break;
  26   2          case 5: wch372_send2byte(0xA2, 0x01, 0x35); break;
  27   2          case 6: wch372_send2byte(0xA2, 0x01, 0x36); break;
  28   2          case 7: wch372_send2byte(0xA2, 0x01, 0x37); break;
  29   2          case 8: wch372_send2byte(0xA2, 0x01, 0x38); break;
  30   2          case 9: wch372_send2byte(0xA2, 0x01, 0x39); break;
  31   2          case 10: wch372_send2byte(0xA2, 0x01, 0x30); break;
  32   2          //case 11: wch372_send2byte(0xA2, 0x01, 0x0b); break;
  33   2          //case 12: wch372_send2byte(0xA2, 0x01, 0x0c); break;
  34   2          //case 13: wch372_send2byte(0xA2, 0x01, 0x00); break;
  35   2          //case 14: wch372_send2byte(0xA2, 0x01, 0x00); break;
  36   2          //case 15: wch372_send2byte(0xA2, 0x01, 0x00); break;
  37   2          default: break;
  38   2        }
  39   1        pc_request_voice_data = 1;
  40   1      }


MODULE INFORMATION:   STATIC OVERLAYABLE
   CODE SIZE        =    186    ----
   CONSTANT SIZE    =   ----    ----
   XDATA SIZE       =   ----    ----
   PDATA SIZE       =   ----    ----
   DATA SIZE        =   ----    ----
   IDATA SIZE       =   ----    ----
   BIT SIZE         =   ----    ----
END OF MODULE INFORMATION.


C51 COMPILATION COMPLETE.  0 WARNING(S),  0 ERROR(S)
