C51 COMPILER V9.00   TIMER                                                                 03/12/2016 13:37:52 PAGE 1   


C51 COMPILER V9.00, COMPILATION OF MODULE TIMER
OBJECT MODULE PLACED IN timer.obj
COMPILER INVOKED BY: C:\Keil\C51\BIN\C51.EXE Recoder\timer.c LARGE BROWSE INCDIR(.\Recoder) DEBUG OBJECTEXTEND PRINT(.\t
                    -imer.lst) TABS(2) OBJECT(timer.obj)

line level    source

   1          #include "timer.h"
   2          
   3          void Init_Timer0(void)
   4          {
   5   1        TMOD |= 0x01;   //使用模式1，16位定时器，使用"|"符号可以在使用多个定时器时不受影响  
   6   1        TH0 = (65536 - TIMER50MS) >> 8; //重新赋值 5ms
   7   1        TL0 = (65536 - TIMER50MS) & 0xff;
   8   1        EA = 1;            //总中断打开
   9   1        ET0 = 1;           //定时器中断打开
  10   1        TR0 = 1;           //定时器开关打开
  11   1      }
  12          
  13          void Timer0_isr(void) interrupt 1  //定时器0中断服务程序
  14          {
  15   1        TF0 = 0;
  16   1        TH0 = (65536 - TIMER50MS) >> 8;     //重新赋值 50ms
  17   1        TL0 = (65536 - TIMER50MS) & 0xff;
  18   1      }


MODULE INFORMATION:   STATIC OVERLAYABLE
   CODE SIZE        =     25    ----
   CONSTANT SIZE    =   ----    ----
   XDATA SIZE       =   ----    ----
   PDATA SIZE       =   ----    ----
   DATA SIZE        =   ----    ----
   IDATA SIZE       =   ----    ----
   BIT SIZE         =   ----    ----
END OF MODULE INFORMATION.


C51 COMPILATION COMPLETE.  0 WARNING(S),  0 ERROR(S)
